False_alarm

rank ,         name ,    med   ,  iqr 
----------------------------------------------------
   1 ,           RF ,    0.08  ,  0.03 (   -*          |              ), 0.07,  0.08,  0.10
   2 ,           DT ,    0.13  ,  0.06 (       ---*    |              ), 0.10,  0.13,  0.17
   3 ,           NB ,    0.15  ,  0.04 (            -* |              ), 0.15,  0.15,  0.19
   3 ,          SVM ,    0.17  ,  0.05 (             -*|              ), 0.15,  0.17,  0.21
   3 ,           LR ,    0.19  ,  0.04 (               |-*            ), 0.18,  0.19,  0.22
   4 ,          KNN ,    0.22  ,  0.05 (               |  ---*        ), 0.20,  0.22,  0.25

Recall

rank ,         name ,    med   ,  iqr 
----------------------------------------------------
   1 ,           DT ,    0.41  ,  0.12 (      ----*    |              ), 0.33,  0.41,  0.46
   1 ,           RF ,    0.42  ,  0.09 (         -*    |              ), 0.39,  0.42,  0.48
   2 ,           NB ,    0.61  ,  0.09 (               | -*           ), 0.58,  0.61,  0.67
   3 ,          SVM ,    0.67  ,  0.10 (               |  ---*        ), 0.61,  0.67,  0.71
   3 ,           LR ,    0.67  ,  0.12 (               |  ---*        ), 0.61,  0.67,  0.73
   3 ,          KNN ,    0.70  ,  0.10 (               |    ---*      ), 0.64,  0.70,  0.73

Precision

rank ,         name ,    med   ,  iqr 
----------------------------------------------------
   1 ,           DT ,    0.48  ,  0.12 (        ----*  |              ), 0.42,  0.48,  0.54
   1 ,          KNN ,    0.48  ,  0.05 (          --*  |              ), 0.45,  0.48,  0.50
   2 ,           LR ,    0.50  ,  0.03 (            -* |              ), 0.48,  0.50,  0.51
   2 ,           NB ,    0.52  ,  0.06 (            ---*              ), 0.49,  0.52,  0.55
   2 ,          SVM ,    0.53  ,  0.11 (          -----*              ), 0.46,  0.53,  0.57
   3 ,           RF ,    0.59  ,  0.07 (               |  --*         ), 0.57,  0.59,  0.64

F_score

rank ,         name ,    med   ,  iqr 
----------------------------------------------------
   1 ,           DT ,    0.44  ,  0.12 (       -----*  |              ), 0.37,  0.44,  0.49
   2 ,           RF ,    0.51  ,  0.07 (              -|-*            ), 0.47,  0.51,  0.54
   3 ,           NB ,    0.56  ,  0.09 (               | ---*         ), 0.51,  0.56,  0.60
   3 ,          KNN ,    0.57  ,  0.06 (               |  ---*        ), 0.53,  0.57,  0.59
   3 ,           LR ,    0.57  ,  0.05 (               |   ---*       ), 0.54,  0.57,  0.59
   3 ,          SVM ,    0.58  ,  0.10 (               |  -----*      ), 0.53,  0.58,  0.63

Accuracy

rank ,         name ,    med   ,  iqr 
----------------------------------------------------
   1 ,          KNN ,    0.76  ,  0.04 (        ------*|              ), 0.73,  0.76,  0.78
   1 ,           DT ,    0.77  ,  0.04 (           ----*              ), 0.75,  0.77,  0.79
   1 ,           LR ,    0.78  ,  0.02 (              -|*             ), 0.77,  0.78,  0.79
   2 ,           NB ,    0.79  ,  0.04 (              -|---*          ), 0.77,  0.79,  0.81
   2 ,          SVM ,    0.80  ,  0.07 (            ---|----*         ), 0.75,  0.80,  0.82
   3 ,           RF ,    0.81  ,  0.02 (               |    --*       ), 0.80,  0.81,  0.82

