False_alarm

rank ,         name ,    med   ,  iqr 
----------------------------------------------------
   1 ,           RF ,    0.05  ,  0.04 ( *             |              ), 0.03,  0.05,  0.07
   2 ,           DT ,    0.09  ,  0.07 ( -*            |              ), 0.05,  0.09,  0.12
   3 ,          KNN ,    0.25  ,  0.09 (      --*      |              ), 0.20,  0.25,  0.29
   4 ,          SVM ,    0.29  ,  0.10 (        --*    |              ), 0.25,  0.30,  0.36
   4 ,           LR ,    0.30  ,  0.11 (        --*    |              ), 0.25,  0.30,  0.37
   5 ,           NB ,    0.65  ,  0.12 (               |    --*       ), 0.59,  0.65,  0.72

Recall

rank ,         name ,    med   ,  iqr 
----------------------------------------------------
   1 ,           RF ,    0.29  ,  0.26 (     ---*      |              ), 0.17,  0.29,  0.43
   1 ,           DT ,    0.29  ,  0.26 (     ---*      |              ), 0.17,  0.29,  0.43
   2 ,          KNN ,    0.57  ,  0.28 (            ---|-*            ), 0.43,  0.57,  0.71
   2 ,          SVM ,    0.57  ,  0.28 (            ---|-*            ), 0.43,  0.57,  0.71
   2 ,           LR ,    0.57  ,  0.28 (            ---|-*            ), 0.43,  0.57,  0.71
   3 ,           NB ,    0.86  ,  0.29 (               |     ----*    ), 0.71,  0.86,  1.00

Precision

rank ,         name ,    med   ,  iqr 
----------------------------------------------------
   1 ,           NB ,    0.12  ,  0.03 (   *           |              ), 0.11,  0.12,  0.14
   2 ,           LR ,    0.17  ,  0.08 (   --*         |              ), 0.13,  0.17,  0.21
   2 ,          SVM ,    0.18  ,  0.08 (    -*         |              ), 0.14,  0.18,  0.22
   3 ,          KNN ,    0.20  ,  0.08 (    -*         |              ), 0.16,  0.20,  0.24
   4 ,           DT ,    0.29  ,  0.23 (     ---*      |              ), 0.17,  0.29,  0.40
   5 ,           RF ,    0.40  ,  0.25 (       ----*   |              ), 0.25,  0.40,  0.50

F_score

rank ,         name ,    med   ,  iqr 
----------------------------------------------------
   1 ,           NB ,    0.22  ,  0.04 (      -*       |              ), 0.20,  0.22,  0.24
   2 ,           LR ,    0.26  ,  0.10 (       --*     |              ), 0.21,  0.26,  0.31
   2 ,           DT ,    0.27  ,  0.23 (     ----*     |              ), 0.17,  0.27,  0.40
   2 ,          KNN ,    0.29  ,  0.12 (        --*    |              ), 0.23,  0.29,  0.35
   2 ,          SVM ,    0.29  ,  0.12 (       ---*    |              ), 0.21,  0.29,  0.33
   3 ,           RF ,    0.31  ,  0.24 (       ----*   |              ), 0.20,  0.32,  0.44

Accuracy

rank ,         name ,    med   ,  iqr 
----------------------------------------------------
   1 ,           NB ,    0.40  ,  0.11 (          --*  |              ), 0.34,  0.40,  0.45
   2 ,           LR ,    0.68  ,  0.10 (               |   -*         ), 0.63,  0.68,  0.73
   2 ,          SVM ,    0.69  ,  0.10 (               |   --*        ), 0.64,  0.69,  0.74
   3 ,          KNN ,    0.73  ,  0.08 (               |     -*       ), 0.70,  0.73,  0.78
   4 ,           DT ,    0.85  ,  0.07 (               |         -*   ), 0.81,  0.85,  0.88
   4 ,           RF ,    0.88  ,  0.05 (               |          -*  ), 0.86,  0.88,  0.91

