False_alarm

rank ,         name ,    med   ,  iqr 
----------------------------------------------------
   1 ,          SVM ,    0.04  ,  0.03 (  -*           |              ), 0.03,  0.04,  0.05
   2 ,           LR ,    0.05  ,  0.02 (    -*         |              ), 0.04,  0.05,  0.06
   3 ,          KNN ,    0.07  ,  0.03 (      -*       |              ), 0.06,  0.07,  0.09
   3 ,           RF ,    0.07  ,  0.03 (     --*       |              ), 0.05,  0.07,  0.09
   4 ,           NB ,    0.11  ,  0.04 (           --* |              ), 0.10,  0.11,  0.14
   5 ,           DT ,    0.16  ,  0.05 (               |----*         ), 0.13,  0.16,  0.18

Recall

rank ,         name ,    med   ,  iqr 
----------------------------------------------------
   1 ,          SVM ,    0.33  ,  0.11 (      --*      |              ), 0.30,  0.33,  0.41
   1 ,          KNN ,    0.36  ,  0.09 (        --*    |              ), 0.33,  0.36,  0.42
   2 ,           RF ,    0.39  ,  0.15 (        ----*  |              ), 0.33,  0.39,  0.48
   2 ,           LR ,    0.39  ,  0.09 (          --*  |              ), 0.36,  0.39,  0.46
   3 ,           DT ,    0.48  ,  0.15 (            ---|-*            ), 0.39,  0.48,  0.55
   4 ,           NB ,    0.55  ,  0.12 (               | ---*         ), 0.48,  0.55,  0.61

Precision

rank ,         name ,    med   ,  iqr 
----------------------------------------------------
   1 ,           DT ,    0.48  ,  0.08 (     --*       |              ), 0.42,  0.48,  0.50
   2 ,           NB ,    0.57  ,  0.09 (          --*  |              ), 0.53,  0.57,  0.62
   2 ,          KNN ,    0.61  ,  0.08 (           ---*|              ), 0.56,  0.61,  0.64
   2 ,           RF ,    0.62  ,  0.10 (             -*|              ), 0.59,  0.62,  0.69
   3 ,           LR ,    0.68  ,  0.11 (              -|-*            ), 0.61,  0.68,  0.73
   3 ,          SVM ,    0.71  ,  0.14 (               |---*          ), 0.64,  0.71,  0.79

F_score

rank ,         name ,    med   ,  iqr 
----------------------------------------------------
   1 ,          KNN ,    0.46  ,  0.05 (            ---*              ), 0.43,  0.46,  0.48
   1 ,          SVM ,    0.46  ,  0.12 (            ---*              ), 0.43,  0.46,  0.54
   1 ,           DT ,    0.48  ,  0.09 (             --|*             ), 0.43,  0.48,  0.52
   1 ,           RF ,    0.49  ,  0.13 (            ---|-*            ), 0.43,  0.49,  0.56
   1 ,           LR ,    0.50  ,  0.08 (               |-*            ), 0.46,  0.50,  0.55
   2 ,           NB ,    0.56  ,  0.08 (               |   --*        ), 0.53,  0.56,  0.61

Accuracy

rank ,         name ,    med   ,  iqr 
----------------------------------------------------
   1 ,           DT ,    0.77  ,  0.04 (       -----*  |              ), 0.74,  0.77,  0.78
   2 ,          KNN ,    0.81  ,  0.02 (               |--*           ), 0.79,  0.81,  0.82
   2 ,           NB ,    0.81  ,  0.04 (               |---*          ), 0.79,  0.81,  0.83
   2 ,           RF ,    0.81  ,  0.03 (               |  -*          ), 0.80,  0.81,  0.83
   3 ,          SVM ,    0.83  ,  0.02 (               |    --*       ), 0.82,  0.83,  0.84
   3 ,           LR ,    0.83  ,  0.03 (               |   ---*       ), 0.81,  0.83,  0.84

